


ARM Macro Assembler    Page 1 


    1 00000000                 PRESERVE8
    2 00000000                 THUMB
    3 00000000         
    4 00000000                 import           Son
    5 00000000                 import           LongueurSon
    6 00000000                 import           PeriodeSonMicroSec
    7 00000000         ; ====================== zone de réservation de données,
                         ======================================
    8 00000000         ;Section RAM (read only) :
    9 00000000                 area             mesdata,data,readonly
   10 00000000         
   11 00000000         
   12 00000000         ;Section RAM (read write):
   13 00000000                 area             maram,data,readwrite
   14 00000000         
   15 00000000 00 00   SortieSon
                               DCW              0
   16 00000002 00 00 00000000 
                       Index   DCD              0
   17 00000008         
   18 00000008                 EXPORT           SortieSon
   19 00000008         
   20 00000008         ; ======================================================
                       =========================================
   21 00000008         
   22 00000008                 EXPORT           CallbackSon ; 
   23 00000008                 EXPORT           StartSon
   24 00000008         
   25 00000008                 INCLUDE          ./Driver/DriverJeuLaser.inc
    1 00000008         
    2 00000008         ; Bibliotheque DriverJeuLaser (ancienne gassp72 adaptée 
                       2021 - TR)
    3 00000008         ; Accès en aux fonctions suivantes :
    4 00000008         ; GPIO :
    5 00000008         ; GPIOA_Set(char Broche), GPIOB_Set(char Broche), GPIOC_
                       Set(char Broche)
    6 00000008         ; GPIOA_Clear(char Broche), GPIOB_Clear(char Broche), GP
                       IOC_Clear(char Broche)
    7 00000008         
    8 00000008         ; PWM :
    9 00000008         ;/**
   10 00000008         ; * @brief  Fixe une valeur de PWM, Val, en tick horloge
                       . La rapport cyclique effectif
   11 00000008         ; * est donc : rcy = Thaut_ticks / Periode_ticks
   12 00000008         ; * @note   spécifique Jeu Laser, PWM liée exclusivement
                        au TIM3, chan3
   13 00000008         ; * @param  Thaut_ticks : durée de l'état haut d'une imp
                       ulsion en Ticks
   14 00000008         ;  * @retval None
   15 00000008         ; */
   16 00000008         
   17 00000008         ;void PWM_Set_Value_TIM3_Ch3( unsigned short int Thaut_t
                       icks);
   18 00000008                 import           PWM_Set_Value_TIM3_Ch3
   19 00000008         
   20 00000008         
   21 00000008         
   22 00000008         ;/**
   23 00000008         ; * @brief  Mise à 1 d'une broche GPIO 



ARM Macro Assembler    Page 2 


   24 00000008         ;  * @note   Une fonction par GPIO
   25 00000008         ; * @param  Broche : 0 à 15
   26 00000008         ; * @retval None
   27 00000008         ; */
   28 00000008         
   29 00000008         ;void GPIOA_Set(char Broche);
   30 00000008                 import           GPIOA_Set
   31 00000008         
   32 00000008         ;void GPIOB_Set(char Broche);
   33 00000008                 import           GPIOB_Set
   34 00000008         
   35 00000008         ;void GPIOC_Set(char Broche);
   36 00000008                 import           GPIOC_Set
   37 00000008         
   38 00000008         
   39 00000008         
   40 00000008         ;/**
   41 00000008         ; * @brief  Mise à 0 d'une broche GPIO 
   42 00000008         ;  * @note   Une fonction par GPIO
   43 00000008         ; * @param  Broche : 0 à 15
   44 00000008         ; * @retval None
   45 00000008         ;  */
   46 00000008         
   47 00000008         ;void GPIOA_Clear(char Broche);
   48 00000008                 import           GPIOA_Clear
   49 00000008         
   50 00000008         ;void GPIOB_Clear(char Broche);
   51 00000008                 import           GPIOB_Clear
   52 00000008         
   53 00000008         ;void GPIOC_Clear(char Broche);
   54 00000008                 import           GPIOC_Clear
   55 00000008         
   56 00000008                 end
   26 00000008         
   27 00000008         ;Section ROM code (read only) :  
   28 00000008                 area             moncode,code,readonly
   29 00000000         ; écrire le code ici 
   30 00000000         
   31 00000000         CallbackSon
                               proc
   32 00000000 B510            push{lr,r4}
   33 00000002 490F            ldr              r1, =Index
   34 00000004 480F            ldr              r0,=LongueurSon
   35 00000006 680B            ldr              r3, [r1]
   36 00000008 6802            ldr              r2, [r0]
   37 0000000A         ; if index(index <5512) then
   38 0000000A 4293            cmp              r3,r2
   39 0000000C D210            bhs              then
   40 0000000E         
   41 0000000E         els
   42 0000000E         ;SonBrut = Son[Index]
   43 0000000E         ; 16 bit
   44 0000000E 4A0E            ldr              r2, =Son
   45 00000010 4C0E            ldr              r4, =SortieSon
   46 00000012 F932 0013       ldrsh            r0, [r2, r3, lsl #1]
   47 00000016 F103 0301       add              r3, #1
   48 0000001A 600B            str              r3,  [r1]
   49 0000001C         ;SortieSon=mise_a_echelle(SonBrut) 
   50 0000001C         ;SonBrut += 32768



ARM Macro Assembler    Page 3 


   51 0000001C F500 4000       add              r0, #32768
   52 00000020         ;SortieSon=SonBrut
   53 00000020 F04F 035C       mov              r3, #92
   54 00000024 FBB0 F0F3       udiv             r0, r3
   55 00000028 8020            strh             r0, [r4]
   56 0000002A F7FF FFFE       bl               PWM_Set_Value_TIM3_Ch3
   57 0000002E E001            b                finsi
   58 00000030         then
   59 00000030 F7FF FFFE       bl               StartSon
   60 00000034         finsi
   61 00000034 BD10            pop              {pc,r4}
   62 00000036                 endp
   63 00000036         StartSon
                               proc
   64 00000036 4802            ldr              r0, =Index
   65 00000038 F04F 0100       mov              r1, #0
   66 0000003C 6001            str              r1, [r0]
   67 0000003E 4770            bx               lr
   68 00000040                 endp
   69 00000040         
   70 00000040                 END
              00000000 
              00000000 
              00000000 
              00000000 
Command Line: --debug --xref --diag_suppress=9931 --cpu=Cortex-M3 --apcs=interw
ork --depend=.\obj\gestionson.d -o.\obj\gestionson.o -I.\RTE\_Simu -IC:\Program
data\Keil\Arm\Packs\ARM\CMSIS\5.7.0\CMSIS\Core\Include -IC:\Programdata\Keil\Ar
m\Packs\Keil\STM32F1xx_DFP\2.3.0\Device\Include --predefine="__EVAL SETA 1" --p
redefine="__MICROLIB SETA 1" --predefine="__UVISION_VERSION SETA 530" --predefi
ne="_RTE_ SETA 1" --predefine="STM32F10X_MD SETA 1" --predefine="_RTE_ SETA 1" 
--list=gestionson.lst Src\GestionSon.s



ARM Macro Assembler    Page 1 Alphabetic symbol ordering
Relocatable symbols

mesdata 00000000

Symbol: mesdata
   Definitions
      At line 9 in file Src\GestionSon.s
   Uses
      None
Comment: mesdata unused
1 symbol



ARM Macro Assembler    Page 1 Alphabetic symbol ordering
Relocatable symbols

Index 00000004

Symbol: Index
   Definitions
      At line 16 in file Src\GestionSon.s
   Uses
      At line 33 in file Src\GestionSon.s
      At line 64 in file Src\GestionSon.s

SortieSon 00000000

Symbol: SortieSon
   Definitions
      At line 15 in file Src\GestionSon.s
   Uses
      At line 18 in file Src\GestionSon.s
      At line 45 in file Src\GestionSon.s

maram 00000000

Symbol: maram
   Definitions
      At line 13 in file Src\GestionSon.s
   Uses
      None
Comment: maram unused
3 symbols



ARM Macro Assembler    Page 1 Alphabetic symbol ordering
Relocatable symbols

CallbackSon 00000000

Symbol: CallbackSon
   Definitions
      At line 31 in file Src\GestionSon.s
   Uses
      At line 22 in file Src\GestionSon.s
Comment: CallbackSon used once
StartSon 00000036

Symbol: StartSon
   Definitions
      At line 63 in file Src\GestionSon.s
   Uses
      At line 23 in file Src\GestionSon.s
      At line 59 in file Src\GestionSon.s

els 0000000E

Symbol: els
   Definitions
      At line 41 in file Src\GestionSon.s
   Uses
      None
Comment: els unused
finsi 00000034

Symbol: finsi
   Definitions
      At line 60 in file Src\GestionSon.s
   Uses
      At line 57 in file Src\GestionSon.s
Comment: finsi used once
moncode 00000000

Symbol: moncode
   Definitions
      At line 28 in file Src\GestionSon.s
   Uses
      None
Comment: moncode unused
then 00000030

Symbol: then
   Definitions
      At line 58 in file Src\GestionSon.s
   Uses
      At line 39 in file Src\GestionSon.s
Comment: then used once
6 symbols



ARM Macro Assembler    Page 1 Alphabetic symbol ordering
External symbols

GPIOA_Clear 00000000

Symbol: GPIOA_Clear
   Definitions
      At line 48 in file .\Driver\DriverJeuLaser.inc
   Uses
      None
Comment: GPIOA_Clear unused
GPIOA_Set 00000000

Symbol: GPIOA_Set
   Definitions
      At line 30 in file .\Driver\DriverJeuLaser.inc
   Uses
      None
Comment: GPIOA_Set unused
GPIOB_Clear 00000000

Symbol: GPIOB_Clear
   Definitions
      At line 51 in file .\Driver\DriverJeuLaser.inc
   Uses
      None
Comment: GPIOB_Clear unused
GPIOB_Set 00000000

Symbol: GPIOB_Set
   Definitions
      At line 33 in file .\Driver\DriverJeuLaser.inc
   Uses
      None
Comment: GPIOB_Set unused
GPIOC_Clear 00000000

Symbol: GPIOC_Clear
   Definitions
      At line 54 in file .\Driver\DriverJeuLaser.inc
   Uses
      None
Comment: GPIOC_Clear unused
GPIOC_Set 00000000

Symbol: GPIOC_Set
   Definitions
      At line 36 in file .\Driver\DriverJeuLaser.inc
   Uses
      None
Comment: GPIOC_Set unused
LongueurSon 00000000

Symbol: LongueurSon
   Definitions
      At line 5 in file Src\GestionSon.s
   Uses
      At line 34 in file Src\GestionSon.s
Comment: LongueurSon used once
PWM_Set_Value_TIM3_Ch3 00000000

Symbol: PWM_Set_Value_TIM3_Ch3



ARM Macro Assembler    Page 2 Alphabetic symbol ordering
External symbols

   Definitions
      At line 18 in file .\Driver\DriverJeuLaser.inc
   Uses
      At line 56 in file Src\GestionSon.s
Comment: PWM_Set_Value_TIM3_Ch3 used once
PeriodeSonMicroSec 00000000

Symbol: PeriodeSonMicroSec
   Definitions
      At line 6 in file Src\GestionSon.s
   Uses
      None
Comment: PeriodeSonMicroSec unused
Son 00000000

Symbol: Son
   Definitions
      At line 4 in file Src\GestionSon.s
   Uses
      At line 44 in file Src\GestionSon.s
Comment: Son used once
10 symbols
357 symbols in table
